Base path: D:/Program Files/Unity/Unity2018_3b/Editor/Data
Cmd: initializeCompiler
Cmd: compileComputeKernel
  error: 2 plat 4 at csFluidVariables.cginc(15): syntax error: unexpected token 'static'
  api=4 insize=2427 outsize=0 ok=0
Cmd: compileComputeKernel
  error: 2 plat 4 at csFluidVariables.cginc(15): syntax error: unexpected token 'static'
  api=4 insize=3206 outsize=0 ok=0
Cmd: compileComputeKernel
  error: 2 plat 4 at csFluidVariables.cginc(15): syntax error: unexpected token 'static'
  api=4 insize=940 outsize=0 ok=0
Cmd: compileComputeKernel
  error: 2 plat 4 at csFluidVariables.cginc(15): syntax error: unexpected token 'static'
  api=4 insize=3897 outsize=0 ok=0
Cmd: initializeCompiler
Cmd: compileComputeKernel
  api=4 insize=3903 outsize=905 ok=1
Cmd: initializeCompiler
Cmd: initializeCompiler
Cmd: initializeCompiler
Cmd: initializeCompiler
Cmd: initializeCompiler
Cmd: initializeCompiler
Cmd: initializeCompiler
Cmd: initializeCompiler
Cmd: initializeCompiler
Cmd: initializeCompiler
Cmd: initializeCompiler
Cmd: initializeCompiler
Cmd: initializeCompiler
Cmd: initializeCompiler
Cmd: initializeCompiler
Cmd: initializeCompiler
Cmd: initializeCompiler
