Base path: D:/Program Files/Unity/Unity2018_2_8f1/Unity/Editor/Data
Cmd: initializeCompiler
Cmd: compileComputeKernel
  api=4 insize=958 outsize=657 ok=1
Cmd: compileComputeKernel
  api=4 insize=8326 outsize=3445 ok=1
Cmd: compileComputeKernel
  api=4 insize=2232 outsize=629 ok=1
Cmd: initializeCompiler
Cmd: initializeCompiler
Cmd: initializeCompiler
Cmd: compileComputeKernel
  error: 1 plat 4 at csFluidProjectVelocity.compute(39): signed/unsigned mismatch, unsigned assumed
  error: 1 plat 4 at csFluidProjectVelocity.compute(44): signed/unsigned mismatch, unsigned assumed
  error: 1 plat 4 at csFluidProjectVelocity.compute(51): signed/unsigned mismatch, unsigned assumed
  error: 1 plat 4 at csFluidProjectVelocity.compute(56): signed/unsigned mismatch, unsigned assumed
  error: 1 plat 4 at csFluidProjectVelocity.compute(63): signed/unsigned mismatch, unsigned assumed
  error: 1 plat 4 at csFluidProjectVelocity.compute(68): signed/unsigned mismatch, unsigned assumed
  error: 1 plat 4 at csFluidProjectVelocity.compute(75): signed/unsigned mismatch, unsigned assumed
  error: 1 plat 4 at csFluidProjectVelocity.compute(80): signed/unsigned mismatch, unsigned assumed
  error: 1 plat 4 at csFluidProjectVelocity.compute(278): signed/unsigned mismatch, unsigned assumed
  api=4 insize=7801 outsize=1561 ok=1
Cmd: compileComputeKernel
  api=4 insize=8712 outsize=2297 ok=1
Cmd: compileComputeKernel
  api=4 insize=2261 outsize=617 ok=1
Cmd: initializeCompiler
Cmd: initializeCompiler
Cmd: initializeCompiler
Cmd: initializeCompiler
Cmd: initializeCompiler
Cmd: initializeCompiler
Cmd: initializeCompiler
Cmd: initializeCompiler
Cmd: initializeCompiler
Cmd: initializeCompiler
Cmd: initializeCompiler
Cmd: initializeCompiler
Cmd: initializeCompiler
Cmd: initializeCompiler
Cmd: initializeCompiler
Cmd: initializeCompiler
Cmd: initializeCompiler
Cmd: initializeCompiler
Cmd: initializeCompiler
Cmd: initializeCompiler
Cmd: initializeCompiler
Cmd: initializeCompiler
Cmd: initializeCompiler
Cmd: initializeCompiler
Cmd: initializeCompiler
Cmd: initializeCompiler
Cmd: initializeCompiler
Cmd: initializeCompiler
