Base path: D:/Program Files/Unity/Unity2018_2_8f1/Unity/Editor/Data
Cmd: initializeCompiler
Cmd: compileComputeKernel
  api=4 insize=3206 outsize=3341 ok=1
Cmd: compileComputeKernel
  api=4 insize=1975 outsize=2661 ok=1
Cmd: compileComputeKernel
  api=4 insize=2232 outsize=949 ok=1
Cmd: compileComputeKernel
  api=4 insize=590 outsize=1101 ok=1
Cmd: initializeCompiler
Cmd: initializeCompiler
Cmd: initializeCompiler
Cmd: compileComputeKernel
  error: 1 plat 4 at csFluidProjectVelocity.compute(39): signed/unsigned mismatch, unsigned assumed
  error: 1 plat 4 at csFluidProjectVelocity.compute(44): signed/unsigned mismatch, unsigned assumed
  error: 1 plat 4 at csFluidProjectVelocity.compute(51): signed/unsigned mismatch, unsigned assumed
  error: 1 plat 4 at csFluidProjectVelocity.compute(56): signed/unsigned mismatch, unsigned assumed
  error: 1 plat 4 at csFluidProjectVelocity.compute(63): signed/unsigned mismatch, unsigned assumed
  error: 1 plat 4 at csFluidProjectVelocity.compute(68): signed/unsigned mismatch, unsigned assumed
  error: 1 plat 4 at csFluidProjectVelocity.compute(75): signed/unsigned mismatch, unsigned assumed
  error: 1 plat 4 at csFluidProjectVelocity.compute(80): signed/unsigned mismatch, unsigned assumed
  error: 1 plat 4 at csFluidProjectVelocity.compute(278): signed/unsigned mismatch, unsigned assumed
  api=4 insize=7801 outsize=1593 ok=1
Cmd: initializeCompiler
Cmd: initializeCompiler
Cmd: initializeCompiler
Cmd: initializeCompiler
Cmd: initializeCompiler
Cmd: initializeCompiler
Cmd: initializeCompiler
Cmd: compileComputeKernel
  api=4 insize=2724 outsize=629 ok=1
Cmd: initializeCompiler
Cmd: initializeCompiler
Cmd: initializeCompiler
Cmd: initializeCompiler
Cmd: initializeCompiler
Cmd: initializeCompiler
Cmd: initializeCompiler
Cmd: initializeCompiler
Cmd: initializeCompiler
Cmd: initializeCompiler
Cmd: initializeCompiler
Cmd: initializeCompiler
Cmd: initializeCompiler
Cmd: compileComputeKernel
  api=4 insize=8849 outsize=2425 ok=1
Cmd: initializeCompiler
Cmd: initializeCompiler
Cmd: initializeCompiler
Cmd: initializeCompiler
Cmd: initializeCompiler
Cmd: initializeCompiler
Cmd: initializeCompiler
Cmd: initializeCompiler
