Base path: D:/Program Files/Unity/Unity2018_2_8f1/Unity/Editor/Data
Cmd: initializeCompiler
Cmd: compileComputeKernel
  api=4 insize=600 outsize=993 ok=1
Cmd: compileComputeKernel
  api=4 insize=958 outsize=713 ok=1
Cmd: compileComputeKernel
  api=4 insize=2232 outsize=617 ok=1
Cmd: compileComputeKernel
  api=4 insize=3843 outsize=2069 ok=1
Cmd: compileComputeKernel
  error: 1 plat 4 at csFluidFsmLevelset.compute(71): signed/unsigned mismatch, unsigned assumed
  error: 1 plat 4 at csFluidFsmLevelset.compute(97): signed/unsigned mismatch, unsigned assumed
  api=4 insize=2848 outsize=1229 ok=1
Cmd: compileComputeKernel
  api=4 insize=656 outsize=1069 ok=1
Cmd: initializeCompiler
Cmd: initializeCompiler
Cmd: initializeCompiler
Cmd: compileComputeKernel
  api=4 insize=8712 outsize=2501 ok=1
Cmd: compileComputeKernel
  api=4 insize=2261 outsize=1977 ok=1
Cmd: compileComputeKernel
  api=4 insize=4858 outsize=1217 ok=1
Cmd: initializeCompiler
Cmd: initializeCompiler
Cmd: initializeCompiler
Cmd: initializeCompiler
Cmd: initializeCompiler
Cmd: initializeCompiler
Cmd: initializeCompiler
Cmd: initializeCompiler
Cmd: initializeCompiler
Cmd: initializeCompiler
Cmd: initializeCompiler
Cmd: initializeCompiler
Cmd: initializeCompiler
Cmd: initializeCompiler
Cmd: initializeCompiler
Cmd: initializeCompiler
Cmd: initializeCompiler
Cmd: initializeCompiler
Cmd: initializeCompiler
Cmd: initializeCompiler
Cmd: initializeCompiler
Cmd: initializeCompiler
Cmd: initializeCompiler
Cmd: initializeCompiler
Cmd: initializeCompiler
Cmd: initializeCompiler
Cmd: initializeCompiler
Cmd: initializeCompiler
